# JRE version: OpenJDK Runtime Environment (11.0.10) (build 11.0.10+0-b96-7249189)
# Java VM: OpenJDK 64-Bit Server VM (11.0.10+0-b96-7249189, mixed mode, tiered, compressed oops, g1 gc, windows-amd64)
Heap:
 garbage-first heap   total 157696K, used 106773K [0x0000000080000000, 0x0000000100000000)
  region size 1024K, 73 young (74752K), 4 survivors (4096K)
 Metaspace       used 47752K, capacity 48918K, committed 48972K, reserved 1091584K
  class space    used 6042K, capacity 6462K, committed 6476K, reserved 1048576K
GC Heap History (20 events):
Event: 23.601 GC heap before
{Heap before GC invocations=22 (full 0):
 garbage-first heap   total 157696K, used 125530K [0x0000000080000000, 0x0000000100000000)
  region size 1024K, 92 young (94208K), 6 survivors (6144K)
 Metaspace       used 47635K, capacity 48787K, committed 48972K, reserved 1091584K
  class space    used 6041K, capacity 6462K, committed 6476K, reserved 1048576K
}
Event: 23.604 GC heap after
{Heap after GC invocations=23 (full 0):
 garbage-first heap   total 157696K, used 37042K [0x0000000080000000, 0x0000000100000000)
  region size 1024K, 5 young (5120K), 5 survivors (5120K)
 Metaspace       used 47635K, capacity 48787K, committed 48972K, reserved 1091584K
  class space    used 6041K, capacity 6462K, committed 6476K, reserved 1048576K
}
Event: 24.238 GC heap before
{Heap before GC invocations=23 (full 0):
 garbage-first heap   total 157696K, used 125106K [0x0000000080000000, 0x0000000100000000)
  region size 1024K, 92 young (94208K), 5 survivors (5120K)
 Metaspace       used 47658K, capacity 48915K, committed 48972K, reserved 1091584K
  class space    used 6041K, capacity 6462K, committed 6476K, reserved 1048576K
}
Event: 24.240 GC heap after
{Heap after GC invocations=24 (full 0):
 garbage-first heap   total 157696K, used 34693K [0x0000000080000000, 0x0000000100000000)
  region size 1024K, 3 young (3072K), 3 survivors (3072K)
 Metaspace       used 47658K, capacity 48915K, committed 48972K, reserved 1091584K
  class space    used 6041K, capacity 6462K, committed 6476K, reserved 1048576K
}
Event: 24.563 GC heap before
{Heap before GC invocations=24 (full 0):
 garbage-first heap   total 157696K, used 124805K [0x0000000080000000, 0x0000000100000000)
  region size 1024K, 92 young (94208K), 3 survivors (3072K)
 Metaspace       used 47693K, capacity 48915K, committed 48972K, reserved 1091584K
  class space    used 6042K, capacity 6462K, committed 6476K, reserved 1048576K
}
Event: 24.566 GC heap after
{Heap after GC invocations=25 (full 0):
 garbage-first heap   total 157696K, used 36330K [0x0000000080000000, 0x0000000100000000)
  region size 1024K, 5 young (5120K), 5 survivors (5120K)
 Metaspace       used 47693K, capacity 48915K, committed 48972K, reserved 1091584K
  class space    used 6042K, capacity 6462K, committed 6476K, reserved 1048576K
}
Event: 24.872 GC heap before
{Heap before GC invocations=25 (full 0):
 garbage-first heap   total 157696K, used 124394K [0x0000000080000000, 0x0000000100000000)
  region size 1024K, 92 young (94208K), 5 survivors (5120K)
 Metaspace       used 47701K, capacity 48915K, committed 48972K, reserved 1091584K
  class space    used 6042K, capacity 6462K, committed 6476K, reserved 1048576K
}
Event: 24.875 GC heap after
{Heap after GC invocations=26 (full 0):
 garbage-first heap   total 157696K, used 36096K [0x0000000080000000, 0x0000000100000000)
  region size 1024K, 5 young (5120K), 5 survivors (5120K)
 Metaspace       used 47701K, capacity 48915K, committed 48972K, reserved 1091584K
  class space    used 6042K, capacity 6462K, committed 6476K, reserved 1048576K
}
Event: 25.229 GC heap before
{Heap before GC invocations=26 (full 0):
 garbage-first heap   total 157696K, used 124160K [0x0000000080000000, 0x0000000100000000)
  region size 1024K, 93 young (95232K), 5 survivors (5120K)
 Metaspace       used 47709K, capacity 48915K, committed 48972K, reserved 1091584K
  class space    used 6042K, capacity 6462K, committed 6476K, reserved 1048576K
}
Event: 25.233 GC heap after
{Heap after GC invocations=27 (full 0):
 garbage-first heap   total 157696K, used 37192K [0x0000000080000000, 0x0000000100000000)
  region size 1024K, 6 young (6144K), 6 survivors (6144K)
 Metaspace       used 47709K, capacity 48915K, committed 48972K, reserved 1091584K
  class space    used 6042K, capacity 6462K, committed 6476K, reserved 1048576K
}
Event: 25.518 GC heap before
{Heap before GC invocations=27 (full 0):
 garbage-first heap   total 157696K, used 126280K [0x0000000080000000, 0x0000000100000000)
  region size 1024K, 93 young (95232K), 6 survivors (6144K)
 Metaspace       used 47710K, capacity 48915K, committed 48972K, reserved 1091584K
  class space    used 6042K, capacity 6462K, committed 6476K, reserved 1048576K
}
Event: 25.521 GC heap after
{Heap after GC invocations=28 (full 0):
 garbage-first heap   total 157696K, used 37307K [0x0000000080000000, 0x0000000100000000)
  region size 1024K, 6 young (6144K), 6 survivors (6144K)
 Metaspace       used 47710K, capacity 48915K, committed 48972K, reserved 1091584K
  class space    used 6042K, capacity 6462K, committed 6476K, reserved 1048576K
}
Event: 25.881 GC heap before
{Heap before GC invocations=28 (full 0):
 garbage-first heap   total 157696K, used 124347K [0x0000000080000000, 0x0000000100000000)
  region size 1024K, 92 young (94208K), 6 survivors (6144K)
 Metaspace       used 47718K, capacity 48915K, committed 48972K, reserved 1091584K
  class space    used 6042K, capacity 6462K, committed 6476K, reserved 1048576K
}
Event: 25.885 GC heap after
{Heap after GC invocations=29 (full 0):
 garbage-first heap   total 157696K, used 35627K [0x0000000080000000, 0x0000000100000000)
  region size 1024K, 4 young (4096K), 4 survivors (4096K)
 Metaspace       used 47718K, capacity 48915K, committed 48972K, reserved 1091584K
  class space    used 6042K, capacity 6462K, committed 6476K, reserved 1048576K
}
Event: 26.309 GC heap before
{Heap before GC invocations=29 (full 0):
 garbage-first heap   total 157696K, used 128811K [0x0000000080000000, 0x0000000100000000)
  region size 1024K, 92 young (94208K), 4 survivors (4096K)
 Metaspace       used 47726K, capacity 48915K, committed 48972K, reserved 1091584K
  class space    used 6042K, capacity 6462K, committed 6476K, reserved 1048576K
}
Event: 26.312 GC heap after
{Heap after GC invocations=30 (full 0):
 garbage-first heap   total 157696K, used 37726K [0x0000000080000000, 0x0000000100000000)
  region size 1024K, 4 young (4096K), 4 survivors (4096K)
 Metaspace       used 47726K, capacity 48915K, committed 48972K, reserved 1091584K
  class space    used 6042K, capacity 6462K, committed 6476K, reserved 1048576K
}
Event: 26.652 GC heap before
{Heap before GC invocations=30 (full 0):
 garbage-first heap   total 157696K, used 126814K [0x0000000080000000, 0x0000000100000000)
  region size 1024K, 93 young (95232K), 4 survivors (4096K)
 Metaspace       used 47736K, capacity 48915K, committed 48972K, reserved 1091584K
  class space    used 6042K, capacity 6462K, committed 6476K, reserved 1048576K
}
Event: 26.655 GC heap after
{Heap after GC invocations=31 (full 0):
 garbage-first heap   total 157696K, used 38240K [0x0000000080000000, 0x0000000100000000)
  region size 1024K, 4 young (4096K), 4 survivors (4096K)
 Metaspace       used 47736K, capacity 48915K, committed 48972K, reserved 1091584K
  class space    used 6042K, capacity 6462K, committed 6476K, reserved 1048576K
}
Event: 27.029 GC heap before
{Heap before GC invocations=31 (full 0):
 garbage-first heap   total 157696K, used 128352K [0x0000000080000000, 0x0000000100000000)
  region size 1024K, 92 young (94208K), 4 survivors (4096K)
 Metaspace       used 47744K, capacity 48917K, committed 48972K, reserved 1091584K
  class space    used 6042K, capacity 6462K, committed 6476K, reserved 1048576K
}
Event: 27.032 GC heap after
{Heap after GC invocations=32 (full 0):
 garbage-first heap   total 157696K, used 38165K [0x0000000080000000, 0x0000000100000000)
  region size 1024K, 4 young (4096K), 4 survivors (4096K)
 Metaspace       used 47744K, capacity 48917K, committed 48972K, reserved 1091584K
  class space    used 6042K, capacity 6462K, committed 6476K, reserved 1048576K
}

